<?xml version="1.0" encoding="UTF-8"?>
<testsuite xmlns:xsi="http://www.w3.org/2001/XMLSchema-instance" xsi:noNamespaceSchemaLocation="https://maven.apache.org/surefire/maven-surefire-plugin/xsd/surefire-test-report-3.0.xsd" version="3.0" name="Options.TestRunner" time="14.827" tests="16" errors="0" skipped="0" failures="0">
  <properties>
    <property name="java.specification.version" value="20"/>
    <property name="sun.jnu.encoding" value="UTF-8"/>
    <property name="java.class.path" value="/Users/mohammad/Downloads/QProsBE/QProsBeFramework/target/test-classes:/Users/mohammad/Downloads/QProsBE/QProsBeFramework/target/classes:/Users/mohammad/.m2/repository/io/cucumber/cucumber-java/7.14.1/cucumber-java-7.14.1.jar:/Users/mohammad/.m2/repository/io/cucumber/cucumber-core/7.14.1/cucumber-core-7.14.1.jar:/Users/mohammad/.m2/repository/io/cucumber/cucumber-gherkin/7.14.1/cucumber-gherkin-7.14.1.jar:/Users/mohammad/.m2/repository/io/cucumber/cucumber-gherkin-messages/7.14.1/cucumber-gherkin-messages-7.14.1.jar:/Users/mohammad/.m2/repository/io/cucumber/gherkin/26.2.0/gherkin-26.2.0.jar:/Users/mohammad/.m2/repository/io/cucumber/messages/22.0.0/messages-22.0.0.jar:/Users/mohammad/.m2/repository/io/cucumber/tag-expressions/6.0.0/tag-expressions-6.0.0.jar:/Users/mohammad/.m2/repository/io/cucumber/cucumber-expressions/17.0.1/cucumber-expressions-17.0.1.jar:/Users/mohammad/.m2/repository/io/cucumber/datatable/7.14.1/datatable-7.14.1.jar:/Users/mohammad/.m2/repository/io/cucumber/cucumber-plugin/7.14.1/cucumber-plugin-7.14.1.jar:/Users/mohammad/.m2/repository/io/cucumber/docstring/7.14.1/docstring-7.14.1.jar:/Users/mohammad/.m2/repository/io/cucumber/html-formatter/20.4.0/html-formatter-20.4.0.jar:/Users/mohammad/.m2/repository/io/cucumber/junit-xml-formatter/0.2.0/junit-xml-formatter-0.2.0.jar:/Users/mohammad/.m2/repository/io/cucumber/ci-environment/10.0.0/ci-environment-10.0.0.jar:/Users/mohammad/.m2/repository/org/apiguardian/apiguardian-api/1.1.2/apiguardian-api-1.1.2.jar:/Users/mohammad/.m2/repository/io/cucumber/cucumber-junit/7.14.1/cucumber-junit-7.14.1.jar:/Users/mohammad/.m2/repository/junit/junit/4.13.2/junit-4.13.2.jar:/Users/mohammad/.m2/repository/org/hamcrest/hamcrest-core/1.3/hamcrest-core-1.3.jar:/Users/mohammad/.m2/repository/io/rest-assured/rest-assured/5.3.2/rest-assured-5.3.2.jar:/Users/mohammad/.m2/repository/org/apache/groovy/groovy/4.0.11/groovy-4.0.11.jar:/Users/mohammad/.m2/repository/org/apache/groovy/groovy-xml/4.0.11/groovy-xml-4.0.11.jar:/Users/mohammad/.m2/repository/org/apache/httpcomponents/httpclient/4.5.13/httpclient-4.5.13.jar:/Users/mohammad/.m2/repository/org/apache/httpcomponents/httpcore/4.4.13/httpcore-4.4.13.jar:/Users/mohammad/.m2/repository/commons-logging/commons-logging/1.2/commons-logging-1.2.jar:/Users/mohammad/.m2/repository/commons-codec/commons-codec/1.11/commons-codec-1.11.jar:/Users/mohammad/.m2/repository/org/apache/httpcomponents/httpmime/4.5.13/httpmime-4.5.13.jar:/Users/mohammad/.m2/repository/org/hamcrest/hamcrest/2.2/hamcrest-2.2.jar:/Users/mohammad/.m2/repository/org/ccil/cowan/tagsoup/tagsoup/1.2.1/tagsoup-1.2.1.jar:/Users/mohammad/.m2/repository/io/rest-assured/json-path/5.3.2/json-path-5.3.2.jar:/Users/mohammad/.m2/repository/org/apache/groovy/groovy-json/4.0.11/groovy-json-4.0.11.jar:/Users/mohammad/.m2/repository/io/rest-assured/rest-assured-common/5.3.2/rest-assured-common-5.3.2.jar:/Users/mohammad/.m2/repository/io/rest-assured/xml-path/5.3.2/xml-path-5.3.2.jar:/Users/mohammad/.m2/repository/org/apache/commons/commons-lang3/3.11/commons-lang3-3.11.jar:/Users/mohammad/.m2/repository/net/masterthought/maven-cucumber-reporting/5.7.7/maven-cucumber-reporting-5.7.7.jar:/Users/mohammad/.m2/repository/commons-collections/commons-collections/3.2.2/commons-collections-3.2.2.jar:/Users/mohammad/.m2/repository/net/masterthought/cucumber-reporting/5.7.7/cucumber-reporting-5.7.7.jar:/Users/mohammad/.m2/repository/com/fasterxml/jackson/datatype/jackson-datatype-jsr310/2.15.2/jackson-datatype-jsr310-2.15.2.jar:/Users/mohammad/.m2/repository/org/apache/velocity/velocity-engine-core/2.3/velocity-engine-core-2.3.jar:/Users/mohammad/.m2/repository/org/slf4j/slf4j-api/1.7.30/slf4j-api-1.7.30.jar:/Users/mohammad/.m2/repository/joda-time/joda-time/2.12.5/joda-time-2.12.5.jar:/Users/mohammad/.m2/repository/commons-io/commons-io/2.7/commons-io-2.7.jar:/Users/mohammad/.m2/repository/org/codehaus/plexus/plexus-utils/3.5.1/plexus-utils-3.5.1.jar:/Users/mohammad/.m2/repository/org/jsoup/jsoup/1.16.1/jsoup-1.16.1.jar:/Users/mohammad/.m2/repository/com/googlecode/owasp-java-html-sanitizer/owasp-java-html-sanitizer/20220608.1/owasp-java-html-sanitizer-20220608.1.jar:/Users/mohammad/.m2/repository/com/google/guava/guava/30.1-jre/guava-30.1-jre.jar:/Users/mohammad/.m2/repository/com/google/guava/failureaccess/1.0.1/failureaccess-1.0.1.jar:/Users/mohammad/.m2/repository/com/google/guava/listenablefuture/9999.0-empty-to-avoid-conflict-with-guava/listenablefuture-9999.0-empty-to-avoid-conflict-with-guava.jar:/Users/mohammad/.m2/repository/com/google/code/findbugs/jsr305/3.0.2/jsr305-3.0.2.jar:/Users/mohammad/.m2/repository/org/checkerframework/checker-qual/3.5.0/checker-qual-3.5.0.jar:/Users/mohammad/.m2/repository/com/google/errorprone/error_prone_annotations/2.3.4/error_prone_annotations-2.3.4.jar:/Users/mohammad/.m2/repository/com/google/j2objc/j2objc-annotations/1.3/j2objc-annotations-1.3.jar:/Users/mohammad/.m2/repository/commons-configuration/commons-configuration/1.10/commons-configuration-1.10.jar:/Users/mohammad/.m2/repository/commons-lang/commons-lang/2.6/commons-lang-2.6.jar:/Users/mohammad/.m2/repository/com/fasterxml/jackson/core/jackson-databind/2.16.0/jackson-databind-2.16.0.jar:/Users/mohammad/.m2/repository/com/fasterxml/jackson/core/jackson-annotations/2.16.0/jackson-annotations-2.16.0.jar:/Users/mohammad/.m2/repository/com/fasterxml/jackson/core/jackson-core/2.16.0/jackson-core-2.16.0.jar:"/>
    <property name="java.vm.vendor" value="Homebrew"/>
    <property name="sun.arch.data.model" value="64"/>
    <property name="java.vendor.url" value="https://github.com/Homebrew/homebrew-core/issues"/>
    <property name="os.name" value="Mac OS X"/>
    <property name="java.vm.specification.version" value="20"/>
    <property name="sun.java.launcher" value="SUN_STANDARD"/>
    <property name="user.country" value="JO"/>
    <property name="sun.boot.library.path" value="/usr/local/Cellar/openjdk/20.0.2/libexec/openjdk.jdk/Contents/Home/lib"/>
    <property name="sun.java.command" value="/Users/mohammad/Downloads/QProsBE/QProsBeFramework/target/surefire/surefirebooter9088065275303002276.jar /Users/mohammad/Downloads/QProsBE/QProsBeFramework/target/surefire 2023-12-17T11-37-31_668-jvmRun1 surefire9900263210283806409tmp surefire_07105185723210653671tmp"/>
    <property name="http.nonProxyHosts" value="local|*.local|169.254/16|*.169.254/16"/>
    <property name="jdk.debug" value="release"/>
    <property name="surefire.test.class.path" value="/Users/mohammad/Downloads/QProsBE/QProsBeFramework/target/test-classes:/Users/mohammad/Downloads/QProsBE/QProsBeFramework/target/classes:/Users/mohammad/.m2/repository/io/cucumber/cucumber-java/7.14.1/cucumber-java-7.14.1.jar:/Users/mohammad/.m2/repository/io/cucumber/cucumber-core/7.14.1/cucumber-core-7.14.1.jar:/Users/mohammad/.m2/repository/io/cucumber/cucumber-gherkin/7.14.1/cucumber-gherkin-7.14.1.jar:/Users/mohammad/.m2/repository/io/cucumber/cucumber-gherkin-messages/7.14.1/cucumber-gherkin-messages-7.14.1.jar:/Users/mohammad/.m2/repository/io/cucumber/gherkin/26.2.0/gherkin-26.2.0.jar:/Users/mohammad/.m2/repository/io/cucumber/messages/22.0.0/messages-22.0.0.jar:/Users/mohammad/.m2/repository/io/cucumber/tag-expressions/6.0.0/tag-expressions-6.0.0.jar:/Users/mohammad/.m2/repository/io/cucumber/cucumber-expressions/17.0.1/cucumber-expressions-17.0.1.jar:/Users/mohammad/.m2/repository/io/cucumber/datatable/7.14.1/datatable-7.14.1.jar:/Users/mohammad/.m2/repository/io/cucumber/cucumber-plugin/7.14.1/cucumber-plugin-7.14.1.jar:/Users/mohammad/.m2/repository/io/cucumber/docstring/7.14.1/docstring-7.14.1.jar:/Users/mohammad/.m2/repository/io/cucumber/html-formatter/20.4.0/html-formatter-20.4.0.jar:/Users/mohammad/.m2/repository/io/cucumber/junit-xml-formatter/0.2.0/junit-xml-formatter-0.2.0.jar:/Users/mohammad/.m2/repository/io/cucumber/ci-environment/10.0.0/ci-environment-10.0.0.jar:/Users/mohammad/.m2/repository/org/apiguardian/apiguardian-api/1.1.2/apiguardian-api-1.1.2.jar:/Users/mohammad/.m2/repository/io/cucumber/cucumber-junit/7.14.1/cucumber-junit-7.14.1.jar:/Users/mohammad/.m2/repository/junit/junit/4.13.2/junit-4.13.2.jar:/Users/mohammad/.m2/repository/org/hamcrest/hamcrest-core/1.3/hamcrest-core-1.3.jar:/Users/mohammad/.m2/repository/io/rest-assured/rest-assured/5.3.2/rest-assured-5.3.2.jar:/Users/mohammad/.m2/repository/org/apache/groovy/groovy/4.0.11/groovy-4.0.11.jar:/Users/mohammad/.m2/repository/org/apache/groovy/groovy-xml/4.0.11/groovy-xml-4.0.11.jar:/Users/mohammad/.m2/repository/org/apache/httpcomponents/httpclient/4.5.13/httpclient-4.5.13.jar:/Users/mohammad/.m2/repository/org/apache/httpcomponents/httpcore/4.4.13/httpcore-4.4.13.jar:/Users/mohammad/.m2/repository/commons-logging/commons-logging/1.2/commons-logging-1.2.jar:/Users/mohammad/.m2/repository/commons-codec/commons-codec/1.11/commons-codec-1.11.jar:/Users/mohammad/.m2/repository/org/apache/httpcomponents/httpmime/4.5.13/httpmime-4.5.13.jar:/Users/mohammad/.m2/repository/org/hamcrest/hamcrest/2.2/hamcrest-2.2.jar:/Users/mohammad/.m2/repository/org/ccil/cowan/tagsoup/tagsoup/1.2.1/tagsoup-1.2.1.jar:/Users/mohammad/.m2/repository/io/rest-assured/json-path/5.3.2/json-path-5.3.2.jar:/Users/mohammad/.m2/repository/org/apache/groovy/groovy-json/4.0.11/groovy-json-4.0.11.jar:/Users/mohammad/.m2/repository/io/rest-assured/rest-assured-common/5.3.2/rest-assured-common-5.3.2.jar:/Users/mohammad/.m2/repository/io/rest-assured/xml-path/5.3.2/xml-path-5.3.2.jar:/Users/mohammad/.m2/repository/org/apache/commons/commons-lang3/3.11/commons-lang3-3.11.jar:/Users/mohammad/.m2/repository/net/masterthought/maven-cucumber-reporting/5.7.7/maven-cucumber-reporting-5.7.7.jar:/Users/mohammad/.m2/repository/commons-collections/commons-collections/3.2.2/commons-collections-3.2.2.jar:/Users/mohammad/.m2/repository/net/masterthought/cucumber-reporting/5.7.7/cucumber-reporting-5.7.7.jar:/Users/mohammad/.m2/repository/com/fasterxml/jackson/datatype/jackson-datatype-jsr310/2.15.2/jackson-datatype-jsr310-2.15.2.jar:/Users/mohammad/.m2/repository/org/apache/velocity/velocity-engine-core/2.3/velocity-engine-core-2.3.jar:/Users/mohammad/.m2/repository/org/slf4j/slf4j-api/1.7.30/slf4j-api-1.7.30.jar:/Users/mohammad/.m2/repository/joda-time/joda-time/2.12.5/joda-time-2.12.5.jar:/Users/mohammad/.m2/repository/commons-io/commons-io/2.7/commons-io-2.7.jar:/Users/mohammad/.m2/repository/org/codehaus/plexus/plexus-utils/3.5.1/plexus-utils-3.5.1.jar:/Users/mohammad/.m2/repository/org/jsoup/jsoup/1.16.1/jsoup-1.16.1.jar:/Users/mohammad/.m2/repository/com/googlecode/owasp-java-html-sanitizer/owasp-java-html-sanitizer/20220608.1/owasp-java-html-sanitizer-20220608.1.jar:/Users/mohammad/.m2/repository/com/google/guava/guava/30.1-jre/guava-30.1-jre.jar:/Users/mohammad/.m2/repository/com/google/guava/failureaccess/1.0.1/failureaccess-1.0.1.jar:/Users/mohammad/.m2/repository/com/google/guava/listenablefuture/9999.0-empty-to-avoid-conflict-with-guava/listenablefuture-9999.0-empty-to-avoid-conflict-with-guava.jar:/Users/mohammad/.m2/repository/com/google/code/findbugs/jsr305/3.0.2/jsr305-3.0.2.jar:/Users/mohammad/.m2/repository/org/checkerframework/checker-qual/3.5.0/checker-qual-3.5.0.jar:/Users/mohammad/.m2/repository/com/google/errorprone/error_prone_annotations/2.3.4/error_prone_annotations-2.3.4.jar:/Users/mohammad/.m2/repository/com/google/j2objc/j2objc-annotations/1.3/j2objc-annotations-1.3.jar:/Users/mohammad/.m2/repository/commons-configuration/commons-configuration/1.10/commons-configuration-1.10.jar:/Users/mohammad/.m2/repository/commons-lang/commons-lang/2.6/commons-lang-2.6.jar:/Users/mohammad/.m2/repository/com/fasterxml/jackson/core/jackson-databind/2.16.0/jackson-databind-2.16.0.jar:/Users/mohammad/.m2/repository/com/fasterxml/jackson/core/jackson-annotations/2.16.0/jackson-annotations-2.16.0.jar:/Users/mohammad/.m2/repository/com/fasterxml/jackson/core/jackson-core/2.16.0/jackson-core-2.16.0.jar:"/>
    <property name="sun.cpu.endian" value="little"/>
    <property name="user.home" value="/Users/mohammad"/>
    <property name="user.language" value="en"/>
    <property name="java.specification.vendor" value="Oracle Corporation"/>
    <property name="java.version.date" value="2023-07-18"/>
    <property name="java.home" value="/usr/local/Cellar/openjdk/20.0.2/libexec/openjdk.jdk/Contents/Home"/>
    <property name="file.separator" value="/"/>
    <property name="basedir" value="/Users/mohammad/Downloads/QProsBE/QProsBeFramework"/>
    <property name="java.vm.compressedOopsMode" value="Zero based"/>
    <property name="line.separator" value="&#10;"/>
    <property name="java.vm.specification.vendor" value="Oracle Corporation"/>
    <property name="java.specification.name" value="Java Platform API Specification"/>
    <property name="apple.awt.application.name" value="ForkedBooter"/>
    <property name="surefire.real.class.path" value="/Users/mohammad/Downloads/QProsBE/QProsBeFramework/target/surefire/surefirebooter9088065275303002276.jar"/>
    <property name="sun.management.compiler" value="HotSpot 64-Bit Tiered Compilers"/>
    <property name="ftp.nonProxyHosts" value="local|*.local|169.254/16|*.169.254/16"/>
    <property name="java.runtime.version" value="20.0.2"/>
    <property name="user.name" value="mohammad"/>
    <property name="stdout.encoding" value="UTF-8"/>
    <property name="path.separator" value=":"/>
    <property name="os.version" value="13.3.1"/>
    <property name="java.runtime.name" value="OpenJDK Runtime Environment"/>
    <property name="file.encoding" value="UTF-8"/>
    <property name="java.vm.name" value="OpenJDK 64-Bit Server VM"/>
    <property name="java.vendor.version" value="Homebrew"/>
    <property name="localRepository" value="/Users/mohammad/.m2/repository"/>
    <property name="java.vendor.url.bug" value="https://github.com/Homebrew/homebrew-core/issues"/>
    <property name="java.io.tmpdir" value="/var/folders/nv/wntr79ws0k96xyvpb42wqrsw0000gp/T/"/>
    <property name="java.version" value="20.0.2"/>
    <property name="user.dir" value="/Users/mohammad/Downloads/QProsBE/QProsBeFramework"/>
    <property name="os.arch" value="x86_64"/>
    <property name="java.vm.specification.name" value="Java Virtual Machine Specification"/>
    <property name="native.encoding" value="UTF-8"/>
    <property name="java.library.path" value="/Users/mohammad/Library/Java/Extensions:/Library/Java/Extensions:/Network/Library/Java/Extensions:/System/Library/Java/Extensions:/usr/lib/java:."/>
    <property name="java.vm.info" value="mixed mode, sharing"/>
    <property name="stderr.encoding" value="UTF-8"/>
    <property name="java.vendor" value="Homebrew"/>
    <property name="java.vm.version" value="20.0.2"/>
    <property name="sun.io.unicode.encoding" value="UnicodeBig"/>
    <property name="socksNonProxyHosts" value="local|*.local|169.254/16|*.169.254/16"/>
    <property name="java.class.version" value="64.0"/>
  </properties>
  <testcase name="Get users information #1" classname="Delete users information from the pet store website" time="1.98"/>
  <testcase name="Get users information #2" classname="Delete users information from the pet store website" time="0.738"/>
  <testcase name="Get users information #3" classname="Delete users information from the pet store website" time="0.755"/>
  <testcase name="Get users information #4" classname="Delete users information from the pet store website" time="0.739"/>
  <testcase name="Create users #1" classname="Create new users on the pet store website" time="1.326"/>
  <testcase name="Create users #2" classname="Create new users on the pet store website" time="0.798"/>
  <testcase name="Create users #3" classname="Create new users on the pet store website" time="0.78"/>
  <testcase name="Create users #4" classname="Create new users on the pet store website" time="0.756"/>
  <testcase name="Get users information #1" classname="Get users information from the pet store website" time="1.039"/>
  <testcase name="Get users information #2" classname="Get users information from the pet store website" time="0.78"/>
  <testcase name="Get users information #3" classname="Get users information from the pet store website" time="0.76"/>
  <testcase name="Get users information #4" classname="Get users information from the pet store website" time="0.76"/>
  <testcase name="update users information #1" classname="update users information on the pet store website" time="0.76"/>
  <testcase name="update users information #2" classname="update users information on the pet store website" time="0.933"/>
  <testcase name="update users information #3" classname="update users information on the pet store website" time="0.787"/>
  <testcase name="update users information #4" classname="update users information on the pet store website" time="0.772"/>
</testsuite>